{"/home/olawale/Desktop/LHL/lighthouse/React/scheduler/src/components/Application.js": {"path":"/home/olawale/Desktop/LHL/lighthouse/React/scheduler/src/components/Application.js","statementMap":{"0":{"start":{"line":22,"column":6},"end":{"line":22,"column":26}},"1":{"start":{"line":24,"column":23},"end":{"line":24,"column":62}},"2":{"start":{"line":26,"column":23},"end":{"line":39,"column":3}},"3":{"start":{"line":28,"column":6},"end":{"line":37,"column":8}},"4":{"start":{"line":41,"column":2},"end":{"line":64,"column":4}}},"fnMap":{"0":{"name":"Application","decl":{"start":{"line":16,"column":24},"end":{"line":16,"column":35}},"loc":{"start":{"line":16,"column":43},"end":{"line":65,"column":1}},"line":16},"1":{"name":"(anonymous_1)","decl":{"start":{"line":27,"column":4},"end":{"line":27,"column":5}},"loc":{"start":{"line":27,"column":19},"end":{"line":38,"column":5}},"line":27}},"branchMap":{},"s":{"0":16,"1":16,"2":16,"3":20,"4":16},"f":{"0":16,"1":20},"b":{},"_coverageSchema":"43e27e138ebf9cfc5966b082cf9a028302ed4184","hash":"b17eba2654382d729773afae96776e2a81a6892a"}
,"/home/olawale/Desktop/LHL/lighthouse/React/scheduler/src/components/Button.js": {"path":"/home/olawale/Desktop/LHL/lighthouse/React/scheduler/src/components/Button.js","statementMap":{"0":{"start":{"line":8,"column":22},"end":{"line":11,"column":4}},"1":{"start":{"line":13,"column":2},"end":{"line":21,"column":4}}},"fnMap":{"0":{"name":"Button","decl":{"start":{"line":7,"column":24},"end":{"line":7,"column":30}},"loc":{"start":{"line":7,"column":38},"end":{"line":22,"column":1}},"line":7}},"branchMap":{},"s":{"0":57,"1":57},"f":{"0":57},"b":{},"_coverageSchema":"43e27e138ebf9cfc5966b082cf9a028302ed4184","hash":"84d951b35b9b995c856ffb907cd39897796e81b4"}
,"/home/olawale/Desktop/LHL/lighthouse/React/scheduler/src/components/DayList.js": {"path":"/home/olawale/Desktop/LHL/lighthouse/React/scheduler/src/components/DayList.js","statementMap":{"0":{"start":{"line":6,"column":15},"end":{"line":16,"column":4}},"1":{"start":{"line":7,"column":4},"end":{"line":15,"column":6}},"2":{"start":{"line":18,"column":2},"end":{"line":18,"column":25}}},"fnMap":{"0":{"name":"DayList","decl":{"start":{"line":5,"column":24},"end":{"line":5,"column":31}},"loc":{"start":{"line":5,"column":39},"end":{"line":19,"column":1}},"line":5},"1":{"name":"(anonymous_1)","decl":{"start":{"line":6,"column":30},"end":{"line":6,"column":31}},"loc":{"start":{"line":6,"column":37},"end":{"line":16,"column":3}},"line":6}},"branchMap":{},"s":{"0":16,"1":20,"2":16},"f":{"0":16,"1":20},"b":{},"_coverageSchema":"43e27e138ebf9cfc5966b082cf9a028302ed4184","hash":"348ea00f83aa04481cbbbbe8f383298fb75d5da9"}
,"/home/olawale/Desktop/LHL/lighthouse/React/scheduler/src/components/DayListItem.js": {"path":"/home/olawale/Desktop/LHL/lighthouse/React/scheduler/src/components/DayListItem.js","statementMap":{"0":{"start":{"line":7,"column":2},"end":{"line":7,"column":48}},"1":{"start":{"line":7,"column":20},"end":{"line":7,"column":48}},"2":{"start":{"line":8,"column":2},"end":{"line":8,"column":46}},"3":{"start":{"line":8,"column":20},"end":{"line":8,"column":46}},"4":{"start":{"line":10,"column":2},"end":{"line":10,"column":37}},"5":{"start":{"line":14,"column":19},"end":{"line":17,"column":4}},"6":{"start":{"line":19,"column":2},"end":{"line":28,"column":4}},"7":{"start":{"line":22,"column":21},"end":{"line":22,"column":45}}},"fnMap":{"0":{"name":"formatSpots","decl":{"start":{"line":6,"column":16},"end":{"line":6,"column":27}},"loc":{"start":{"line":6,"column":36},"end":{"line":11,"column":1}},"line":6},"1":{"name":"DayListItem","decl":{"start":{"line":13,"column":24},"end":{"line":13,"column":35}},"loc":{"start":{"line":13,"column":43},"end":{"line":29,"column":1}},"line":13},"2":{"name":"(anonymous_2)","decl":{"start":{"line":22,"column":15},"end":{"line":22,"column":16}},"loc":{"start":{"line":22,"column":21},"end":{"line":22,"column":45}},"line":22}},"branchMap":{"0":{"loc":{"start":{"line":7,"column":2},"end":{"line":7,"column":48}},"type":"if","locations":[{"start":{"line":7,"column":2},"end":{"line":7,"column":48}},{"start":{"line":7,"column":2},"end":{"line":7,"column":48}}],"line":7},"1":{"loc":{"start":{"line":8,"column":2},"end":{"line":8,"column":46}},"type":"if","locations":[{"start":{"line":8,"column":2},"end":{"line":8,"column":46}},{"start":{"line":8,"column":2},"end":{"line":8,"column":46}}],"line":8}},"s":{"0":20,"1":1,"2":19,"3":18,"4":1,"5":20,"6":20,"7":1},"f":{"0":20,"1":20,"2":1},"b":{"0":[1,19],"1":[18,1]},"_coverageSchema":"43e27e138ebf9cfc5966b082cf9a028302ed4184","hash":"529096e2dc923d4afa647321e0f421494dad0b2f"}
,"/home/olawale/Desktop/LHL/lighthouse/React/scheduler/src/components/InterviewerList.js": {"path":"/home/olawale/Desktop/LHL/lighthouse/React/scheduler/src/components/InterviewerList.js","statementMap":{"0":{"start":{"line":9,"column":23},"end":{"line":20,"column":4}},"1":{"start":{"line":10,"column":4},"end":{"line":19,"column":6}},"2":{"start":{"line":17,"column":33},"end":{"line":17,"column":63}},"3":{"start":{"line":22,"column":2},"end":{"line":27,"column":4}},"4":{"start":{"line":30,"column":0},"end":{"line":34,"column":2}}},"fnMap":{"0":{"name":"InterviewerList","decl":{"start":{"line":8,"column":9},"end":{"line":8,"column":24}},"loc":{"start":{"line":8,"column":32},"end":{"line":28,"column":1}},"line":8},"1":{"name":"(anonymous_1)","decl":{"start":{"line":9,"column":46},"end":{"line":9,"column":47}},"loc":{"start":{"line":9,"column":61},"end":{"line":20,"column":3}},"line":9},"2":{"name":"(anonymous_2)","decl":{"start":{"line":17,"column":24},"end":{"line":17,"column":25}},"loc":{"start":{"line":17,"column":33},"end":{"line":17,"column":63}},"line":17}},"branchMap":{},"s":{"0":25,"1":34,"2":3,"3":25,"4":3},"f":{"0":25,"1":34,"2":3},"b":{},"_coverageSchema":"43e27e138ebf9cfc5966b082cf9a028302ed4184","hash":"95be7bf5eef12f3eef719898fe065e2e9b6a13fc"}
,"/home/olawale/Desktop/LHL/lighthouse/React/scheduler/src/components/InterviewerListItem.js": {"path":"/home/olawale/Desktop/LHL/lighthouse/React/scheduler/src/components/InterviewerListItem.js","statementMap":{"0":{"start":{"line":7,"column":20},"end":{"line":9,"column":4}},"1":{"start":{"line":11,"column":2},"end":{"line":20,"column":4}}},"fnMap":{"0":{"name":"InterviewerItem","decl":{"start":{"line":6,"column":24},"end":{"line":6,"column":39}},"loc":{"start":{"line":6,"column":47},"end":{"line":21,"column":1}},"line":6}},"branchMap":{"0":{"loc":{"start":{"line":18,"column":7},"end":{"line":18,"column":35}},"type":"binary-expr","locations":[{"start":{"line":18,"column":7},"end":{"line":18,"column":21}},{"start":{"line":18,"column":25},"end":{"line":18,"column":35}}],"line":18}},"s":{"0":34,"1":34},"f":{"0":34},"b":{"0":[34,11]},"_coverageSchema":"43e27e138ebf9cfc5966b082cf9a028302ed4184","hash":"f710c0d9eb09d90538421445405bc06bced6aeaa"}
,"/home/olawale/Desktop/LHL/lighthouse/React/scheduler/src/components/Appointment/Confirm.js": {"path":"/home/olawale/Desktop/LHL/lighthouse/React/scheduler/src/components/Appointment/Confirm.js","statementMap":{"0":{"start":{"line":6,"column":2},"end":{"line":18,"column":4}}},"fnMap":{"0":{"name":"Confirm","decl":{"start":{"line":5,"column":24},"end":{"line":5,"column":31}},"loc":{"start":{"line":5,"column":39},"end":{"line":19,"column":1}},"line":5}},"branchMap":{},"s":{"0":3},"f":{"0":3},"b":{},"_coverageSchema":"43e27e138ebf9cfc5966b082cf9a028302ed4184","hash":"97fef36b66df76e8758e15b5b23481af8a536340"}
,"/home/olawale/Desktop/LHL/lighthouse/React/scheduler/src/components/Appointment/Empty.js": {"path":"/home/olawale/Desktop/LHL/lighthouse/React/scheduler/src/components/Appointment/Empty.js","statementMap":{"0":{"start":{"line":4,"column":2},"end":{"line":13,"column":4}}},"fnMap":{"0":{"name":"Empty","decl":{"start":{"line":3,"column":24},"end":{"line":3,"column":29}},"loc":{"start":{"line":3,"column":37},"end":{"line":14,"column":1}},"line":3}},"branchMap":{},"s":{"0":27},"f":{"0":27},"b":{},"_coverageSchema":"43e27e138ebf9cfc5966b082cf9a028302ed4184","hash":"79ae082fed4c7f61749d0ef4c74828da94ae70cd"}
,"/home/olawale/Desktop/LHL/lighthouse/React/scheduler/src/components/Appointment/Error.js": {"path":"/home/olawale/Desktop/LHL/lighthouse/React/scheduler/src/components/Appointment/Error.js","statementMap":{"0":{"start":{"line":4,"column":2},"end":{"line":17,"column":4}}},"fnMap":{"0":{"name":"Error","decl":{"start":{"line":3,"column":24},"end":{"line":3,"column":29}},"loc":{"start":{"line":3,"column":37},"end":{"line":18,"column":1}},"line":3}},"branchMap":{},"s":{"0":2},"f":{"0":2},"b":{},"_coverageSchema":"43e27e138ebf9cfc5966b082cf9a028302ed4184","hash":"b0c779c47340d575b5fe07f7542a44ba5ff79b1f"}
,"/home/olawale/Desktop/LHL/lighthouse/React/scheduler/src/components/Appointment/Form.js": {"path":"/home/olawale/Desktop/LHL/lighthouse/React/scheduler/src/components/Appointment/Form.js","statementMap":{"0":{"start":{"line":7,"column":26},"end":{"line":7,"column":52}},"1":{"start":{"line":8,"column":40},"end":{"line":8,"column":75}},"2":{"start":{"line":9,"column":28},"end":{"line":9,"column":40}},"3":{"start":{"line":12,"column":4},"end":{"line":12,"column":16}},"4":{"start":{"line":13,"column":4},"end":{"line":13,"column":17}},"5":{"start":{"line":14,"column":4},"end":{"line":14,"column":25}},"6":{"start":{"line":18,"column":4},"end":{"line":18,"column":12}},"7":{"start":{"line":19,"column":4},"end":{"line":19,"column":21}},"8":{"start":{"line":23,"column":4},"end":{"line":26,"column":5}},"9":{"start":{"line":24,"column":6},"end":{"line":24,"column":47}},"10":{"start":{"line":25,"column":6},"end":{"line":25,"column":13}},"11":{"start":{"line":28,"column":4},"end":{"line":31,"column":5}},"12":{"start":{"line":29,"column":6},"end":{"line":29,"column":47}},"13":{"start":{"line":30,"column":6},"end":{"line":30,"column":13}},"14":{"start":{"line":33,"column":4},"end":{"line":33,"column":17}},"15":{"start":{"line":34,"column":4},"end":{"line":34,"column":36}},"16":{"start":{"line":37,"column":2},"end":{"line":71,"column":4}},"17":{"start":{"line":40,"column":52},"end":{"line":40,"column":74}},"18":{"start":{"line":49,"column":14},"end":{"line":49,"column":42}}},"fnMap":{"0":{"name":"Form","decl":{"start":{"line":6,"column":24},"end":{"line":6,"column":28}},"loc":{"start":{"line":6,"column":36},"end":{"line":72,"column":1}},"line":6},"1":{"name":"reset","decl":{"start":{"line":11,"column":11},"end":{"line":11,"column":16}},"loc":{"start":{"line":11,"column":19},"end":{"line":15,"column":3}},"line":11},"2":{"name":"cancel","decl":{"start":{"line":17,"column":11},"end":{"line":17,"column":17}},"loc":{"start":{"line":17,"column":20},"end":{"line":20,"column":3}},"line":17},"3":{"name":"validate","decl":{"start":{"line":22,"column":11},"end":{"line":22,"column":19}},"loc":{"start":{"line":22,"column":22},"end":{"line":35,"column":3}},"line":22},"4":{"name":"(anonymous_4)","decl":{"start":{"line":40,"column":43},"end":{"line":40,"column":44}},"loc":{"start":{"line":40,"column":52},"end":{"line":40,"column":74}},"line":40},"5":{"name":"(anonymous_5)","decl":{"start":{"line":48,"column":22},"end":{"line":48,"column":23}},"loc":{"start":{"line":48,"column":31},"end":{"line":50,"column":13}},"line":48}},"branchMap":{"0":{"loc":{"start":{"line":7,"column":35},"end":{"line":7,"column":51}},"type":"binary-expr","locations":[{"start":{"line":7,"column":35},"end":{"line":7,"column":45}},{"start":{"line":7,"column":49},"end":{"line":7,"column":51}}],"line":7},"1":{"loc":{"start":{"line":8,"column":49},"end":{"line":8,"column":74}},"type":"binary-expr","locations":[{"start":{"line":8,"column":49},"end":{"line":8,"column":66}},{"start":{"line":8,"column":70},"end":{"line":8,"column":74}}],"line":8},"2":{"loc":{"start":{"line":23,"column":4},"end":{"line":26,"column":5}},"type":"if","locations":[{"start":{"line":23,"column":4},"end":{"line":26,"column":5}},{"start":{"line":23,"column":4},"end":{"line":26,"column":5}}],"line":23},"3":{"loc":{"start":{"line":28,"column":4},"end":{"line":31,"column":5}},"type":"if","locations":[{"start":{"line":28,"column":4},"end":{"line":31,"column":5}},{"start":{"line":28,"column":4},"end":{"line":31,"column":5}}],"line":28}},"s":{"0":26,"1":26,"2":26,"3":1,"4":1,"5":1,"6":1,"7":1,"8":9,"9":2,"10":2,"11":7,"12":2,"13":2,"14":5,"15":5,"16":26,"17":0,"18":6},"f":{"0":26,"1":1,"2":1,"3":9,"4":0,"5":6},"b":{"0":[26,16],"1":[26,16],"2":[2,7],"3":[2,5]},"_coverageSchema":"43e27e138ebf9cfc5966b082cf9a028302ed4184","hash":"526ef04aa831c225429c3a365c1e6537fb46d2ec"}
,"/home/olawale/Desktop/LHL/lighthouse/React/scheduler/src/components/Appointment/Header.js": {"path":"/home/olawale/Desktop/LHL/lighthouse/React/scheduler/src/components/Appointment/Header.js","statementMap":{"0":{"start":{"line":4,"column":2},"end":{"line":9,"column":4}}},"fnMap":{"0":{"name":"Header","decl":{"start":{"line":3,"column":24},"end":{"line":3,"column":30}},"loc":{"start":{"line":3,"column":38},"end":{"line":10,"column":1}},"line":3}},"branchMap":{},"s":{"0":52},"f":{"0":52},"b":{},"_coverageSchema":"43e27e138ebf9cfc5966b082cf9a028302ed4184","hash":"773bc0387752dcd70a2d3a037b2866e8cc56eaad"}
,"/home/olawale/Desktop/LHL/lighthouse/React/scheduler/src/components/Appointment/Show.js": {"path":"/home/olawale/Desktop/LHL/lighthouse/React/scheduler/src/components/Appointment/Show.js","statementMap":{"0":{"start":{"line":4,"column":2},"end":{"line":32,"column":4}}},"fnMap":{"0":{"name":"Show","decl":{"start":{"line":3,"column":24},"end":{"line":3,"column":28}},"loc":{"start":{"line":3,"column":36},"end":{"line":33,"column":1}},"line":3}},"branchMap":{"0":{"loc":{"start":{"line":11,"column":13},"end":{"line":11,"column":56}},"type":"binary-expr","locations":[{"start":{"line":11,"column":13},"end":{"line":11,"column":30}},{"start":{"line":11,"column":34},"end":{"line":11,"column":56}}],"line":11}},"s":{"0":10},"f":{"0":10},"b":{"0":[10,10]},"_coverageSchema":"43e27e138ebf9cfc5966b082cf9a028302ed4184","hash":"03164c7f5f0d26318171081c1fe08fa88c6bfb83"}
,"/home/olawale/Desktop/LHL/lighthouse/React/scheduler/src/components/Appointment/Status.js": {"path":"/home/olawale/Desktop/LHL/lighthouse/React/scheduler/src/components/Appointment/Status.js","statementMap":{"0":{"start":{"line":4,"column":2},"end":{"line":13,"column":4}}},"fnMap":{"0":{"name":"Status","decl":{"start":{"line":3,"column":24},"end":{"line":3,"column":30}},"loc":{"start":{"line":3,"column":38},"end":{"line":14,"column":1}},"line":3}},"branchMap":{},"s":{"0":8},"f":{"0":8},"b":{},"_coverageSchema":"43e27e138ebf9cfc5966b082cf9a028302ed4184","hash":"6dcbd78d79348222f2fe3d1647bd2574ca168501"}
,"/home/olawale/Desktop/LHL/lighthouse/React/scheduler/src/components/Appointment/index.js": {"path":"/home/olawale/Desktop/LHL/lighthouse/React/scheduler/src/components/Appointment/index.js","statementMap":{"0":{"start":{"line":16,"column":16},"end":{"line":16,"column":23}},"1":{"start":{"line":17,"column":15},"end":{"line":17,"column":21}},"2":{"start":{"line":18,"column":17},"end":{"line":18,"column":25}},"3":{"start":{"line":19,"column":15},"end":{"line":19,"column":21}},"4":{"start":{"line":20,"column":17},"end":{"line":20,"column":25}},"5":{"start":{"line":21,"column":19},"end":{"line":21,"column":29}},"6":{"start":{"line":22,"column":18},"end":{"line":22,"column":27}},"7":{"start":{"line":23,"column":21},"end":{"line":23,"column":33}},"8":{"start":{"line":24,"column":23},"end":{"line":24,"column":37}},"9":{"start":{"line":27,"column":37},"end":{"line":29,"column":3}},"10":{"start":{"line":32,"column":22},"end":{"line":35,"column":5}},"11":{"start":{"line":37,"column":4},"end":{"line":37,"column":23}},"12":{"start":{"line":39,"column":4},"end":{"line":42,"column":52}},"13":{"start":{"line":41,"column":18},"end":{"line":41,"column":34}},"14":{"start":{"line":42,"column":22},"end":{"line":42,"column":50}},"15":{"start":{"line":46,"column":4},"end":{"line":46,"column":31}},"16":{"start":{"line":47,"column":4},"end":{"line":50,"column":54}},"17":{"start":{"line":49,"column":18},"end":{"line":49,"column":35}},"18":{"start":{"line":50,"column":22},"end":{"line":50,"column":52}},"19":{"start":{"line":53,"column":2},"end":{"line":107,"column":4}},"20":{"start":{"line":57,"column":45},"end":{"line":57,"column":63}},"21":{"start":{"line":63,"column":26},"end":{"line":63,"column":45}},"22":{"start":{"line":64,"column":24},"end":{"line":64,"column":40}}},"fnMap":{"0":{"name":"Appointment","decl":{"start":{"line":15,"column":24},"end":{"line":15,"column":35}},"loc":{"start":{"line":15,"column":43},"end":{"line":108,"column":1}},"line":15},"1":{"name":"save","decl":{"start":{"line":31,"column":11},"end":{"line":31,"column":15}},"loc":{"start":{"line":31,"column":35},"end":{"line":43,"column":3}},"line":31},"2":{"name":"(anonymous_2)","decl":{"start":{"line":41,"column":12},"end":{"line":41,"column":13}},"loc":{"start":{"line":41,"column":18},"end":{"line":41,"column":34}},"line":41},"3":{"name":"(anonymous_3)","decl":{"start":{"line":42,"column":13},"end":{"line":42,"column":14}},"loc":{"start":{"line":42,"column":22},"end":{"line":42,"column":50}},"line":42},"4":{"name":"destroy","decl":{"start":{"line":45,"column":11},"end":{"line":45,"column":18}},"loc":{"start":{"line":45,"column":21},"end":{"line":51,"column":3}},"line":45},"5":{"name":"(anonymous_5)","decl":{"start":{"line":49,"column":12},"end":{"line":49,"column":13}},"loc":{"start":{"line":49,"column":18},"end":{"line":49,"column":35}},"line":49},"6":{"name":"(anonymous_6)","decl":{"start":{"line":50,"column":13},"end":{"line":50,"column":14}},"loc":{"start":{"line":50,"column":22},"end":{"line":50,"column":52}},"line":50},"7":{"name":"(anonymous_7)","decl":{"start":{"line":57,"column":39},"end":{"line":57,"column":40}},"loc":{"start":{"line":57,"column":45},"end":{"line":57,"column":63}},"line":57},"8":{"name":"(anonymous_8)","decl":{"start":{"line":63,"column":20},"end":{"line":63,"column":21}},"loc":{"start":{"line":63,"column":26},"end":{"line":63,"column":45}},"line":63},"9":{"name":"(anonymous_9)","decl":{"start":{"line":64,"column":18},"end":{"line":64,"column":19}},"loc":{"start":{"line":64,"column":24},"end":{"line":64,"column":40}},"line":64}},"branchMap":{"0":{"loc":{"start":{"line":28,"column":4},"end":{"line":28,"column":34}},"type":"cond-expr","locations":[{"start":{"line":28,"column":22},"end":{"line":28,"column":26}},{"start":{"line":28,"column":29},"end":{"line":28,"column":34}}],"line":28},"1":{"loc":{"start":{"line":57,"column":7},"end":{"line":57,"column":67}},"type":"binary-expr","locations":[{"start":{"line":57,"column":7},"end":{"line":57,"column":21}},{"start":{"line":57,"column":25},"end":{"line":57,"column":67}}],"line":57},"2":{"loc":{"start":{"line":59,"column":7},"end":{"line":65,"column":11}},"type":"binary-expr","locations":[{"start":{"line":59,"column":7},"end":{"line":59,"column":20}},{"start":{"line":60,"column":8},"end":{"line":65,"column":10}}],"line":59},"3":{"loc":{"start":{"line":68,"column":7},"end":{"line":73,"column":11}},"type":"binary-expr","locations":[{"start":{"line":68,"column":7},"end":{"line":68,"column":22}},{"start":{"line":69,"column":8},"end":{"line":73,"column":10}}],"line":68},"4":{"loc":{"start":{"line":76,"column":7},"end":{"line":84,"column":7}},"type":"binary-expr","locations":[{"start":{"line":76,"column":7},"end":{"line":76,"column":20}},{"start":{"line":77,"column":8},"end":{"line":83,"column":10}}],"line":76},"5":{"loc":{"start":{"line":86,"column":7},"end":{"line":86,"column":53}},"type":"binary-expr","locations":[{"start":{"line":86,"column":7},"end":{"line":86,"column":22}},{"start":{"line":86,"column":26},"end":{"line":86,"column":53}}],"line":86},"6":{"loc":{"start":{"line":88,"column":7},"end":{"line":88,"column":57}},"type":"binary-expr","locations":[{"start":{"line":88,"column":7},"end":{"line":88,"column":24}},{"start":{"line":88,"column":28},"end":{"line":88,"column":57}}],"line":88},"7":{"loc":{"start":{"line":90,"column":7},"end":{"line":96,"column":7}},"type":"binary-expr","locations":[{"start":{"line":90,"column":7},"end":{"line":90,"column":23}},{"start":{"line":91,"column":8},"end":{"line":95,"column":10}}],"line":90},"8":{"loc":{"start":{"line":98,"column":7},"end":{"line":100,"column":7}},"type":"binary-expr","locations":[{"start":{"line":98,"column":7},"end":{"line":98,"column":26}},{"start":{"line":99,"column":8},"end":{"line":99,"column":70}}],"line":98},"9":{"loc":{"start":{"line":102,"column":7},"end":{"line":104,"column":7}},"type":"binary-expr","locations":[{"start":{"line":102,"column":7},"end":{"line":102,"column":28}},{"start":{"line":103,"column":8},"end":{"line":103,"column":72}}],"line":102}},"s":{"0":52,"1":52,"2":52,"3":52,"4":52,"5":52,"6":52,"7":52,"8":52,"9":52,"10":3,"11":3,"12":3,"13":2,"14":1,"15":2,"16":2,"17":1,"18":1,"19":52,"20":2,"21":2,"22":1},"f":{"0":52,"1":3,"2":2,"3":1,"4":2,"5":1,"6":1,"7":2,"8":2,"9":1},"b":{"0":[19,33],"1":[52,27],"2":[52,10],"3":[52,2],"4":[52,1],"5":[52,5],"6":[52,3],"7":[52,2],"8":[52,1],"9":[52,1]},"_coverageSchema":"43e27e138ebf9cfc5966b082cf9a028302ed4184","hash":"e85053f2676e5ddcaff4ab03b6b906e4c19771c6"}
,"/home/olawale/Desktop/LHL/lighthouse/React/scheduler/src/helpers/selectors.js": {"path":"/home/olawale/Desktop/LHL/lighthouse/React/scheduler/src/helpers/selectors.js","statementMap":{"0":{"start":{"line":2,"column":16},"end":{"line":2,"column":52}},"1":{"start":{"line":2,"column":37},"end":{"line":2,"column":51}},"2":{"start":{"line":4,"column":2},"end":{"line":4,"column":64}},"3":{"start":{"line":4,"column":54},"end":{"line":4,"column":64}},"4":{"start":{"line":6,"column":2},"end":{"line":6,"column":62}},"5":{"start":{"line":6,"column":38},"end":{"line":6,"column":60}},"6":{"start":{"line":10,"column":16},"end":{"line":10,"column":52}},"7":{"start":{"line":10,"column":37},"end":{"line":10,"column":51}},"8":{"start":{"line":12,"column":2},"end":{"line":12,"column":64}},"9":{"start":{"line":12,"column":54},"end":{"line":12,"column":64}},"10":{"start":{"line":14,"column":2},"end":{"line":14,"column":62}},"11":{"start":{"line":14,"column":38},"end":{"line":14,"column":60}},"12":{"start":{"line":18,"column":2},"end":{"line":23,"column":4}}},"fnMap":{"0":{"name":"getAppointmentsForDay","decl":{"start":{"line":1,"column":16},"end":{"line":1,"column":37}},"loc":{"start":{"line":1,"column":50},"end":{"line":7,"column":1}},"line":1},"1":{"name":"(anonymous_1)","decl":{"start":{"line":2,"column":32},"end":{"line":2,"column":33}},"loc":{"start":{"line":2,"column":37},"end":{"line":2,"column":51}},"line":2},"2":{"name":"(anonymous_2)","decl":{"start":{"line":6,"column":32},"end":{"line":6,"column":33}},"loc":{"start":{"line":6,"column":38},"end":{"line":6,"column":60}},"line":6},"3":{"name":"getInterviewersForDay","decl":{"start":{"line":9,"column":16},"end":{"line":9,"column":37}},"loc":{"start":{"line":9,"column":50},"end":{"line":15,"column":1}},"line":9},"4":{"name":"(anonymous_4)","decl":{"start":{"line":10,"column":32},"end":{"line":10,"column":33}},"loc":{"start":{"line":10,"column":37},"end":{"line":10,"column":51}},"line":10},"5":{"name":"(anonymous_5)","decl":{"start":{"line":14,"column":32},"end":{"line":14,"column":33}},"loc":{"start":{"line":14,"column":38},"end":{"line":14,"column":60}},"line":14},"6":{"name":"getInterview","decl":{"start":{"line":17,"column":16},"end":{"line":17,"column":28}},"loc":{"start":{"line":17,"column":47},"end":{"line":24,"column":1}},"line":17}},"branchMap":{"0":{"loc":{"start":{"line":4,"column":2},"end":{"line":4,"column":64}},"type":"if","locations":[{"start":{"line":4,"column":2},"end":{"line":4,"column":64}},{"start":{"line":4,"column":2},"end":{"line":4,"column":64}}],"line":4},"1":{"loc":{"start":{"line":4,"column":6},"end":{"line":4,"column":52}},"type":"binary-expr","locations":[{"start":{"line":4,"column":6},"end":{"line":4,"column":29}},{"start":{"line":4,"column":33},"end":{"line":4,"column":52}}],"line":4},"2":{"loc":{"start":{"line":12,"column":2},"end":{"line":12,"column":64}},"type":"if","locations":[{"start":{"line":12,"column":2},"end":{"line":12,"column":64}},{"start":{"line":12,"column":2},"end":{"line":12,"column":64}}],"line":12},"3":{"loc":{"start":{"line":12,"column":6},"end":{"line":12,"column":52}},"type":"binary-expr","locations":[{"start":{"line":12,"column":6},"end":{"line":12,"column":29}},{"start":{"line":12,"column":33},"end":{"line":12,"column":52}}],"line":12},"4":{"loc":{"start":{"line":19,"column":4},"end":{"line":22,"column":5}},"type":"binary-expr","locations":[{"start":{"line":19,"column":4},"end":{"line":19,"column":13}},{"start":{"line":19,"column":17},"end":{"line":22,"column":5}}],"line":19}},"s":{"0":21,"1":17,"2":21,"3":8,"4":13,"5":28,"6":21,"7":17,"8":21,"9":8,"10":13,"11":26,"12":22},"f":{"0":21,"1":17,"2":28,"3":21,"4":17,"5":26,"6":22},"b":{"0":[8,13],"1":[21,14],"2":[8,13],"3":[21,14],"4":[22,11]},"_coverageSchema":"43e27e138ebf9cfc5966b082cf9a028302ed4184","hash":"d2b9ebf60b1f95a97102decc1252e900fb1a2dba"}
,"/home/olawale/Desktop/LHL/lighthouse/React/scheduler/src/hooks/useApplicationData.js": {"path":"/home/olawale/Desktop/LHL/lighthouse/React/scheduler/src/hooks/useApplicationData.js","statementMap":{"0":{"start":{"line":14,"column":28},"end":{"line":19,"column":4}},"1":{"start":{"line":21,"column":17},"end":{"line":21,"column":56}},"2":{"start":{"line":21,"column":24},"end":{"line":21,"column":56}},"3":{"start":{"line":23,"column":2},"end":{"line":37,"column":9}},"4":{"start":{"line":24,"column":4},"end":{"line":36,"column":6}},"5":{"start":{"line":30,"column":8},"end":{"line":35,"column":10}},"6":{"start":{"line":39,"column":2},"end":{"line":39,"column":30}},"7":{"start":{"line":42,"column":4},"end":{"line":48,"column":7}},"8":{"start":{"line":43,"column":6},"end":{"line":47,"column":9}},"9":{"start":{"line":52,"column":4},"end":{"line":58,"column":7}},"10":{"start":{"line":53,"column":6},"end":{"line":57,"column":9}},"11":{"start":{"line":61,"column":2},"end":{"line":66,"column":4}}},"fnMap":{"0":{"name":"useApplicationData","decl":{"start":{"line":13,"column":24},"end":{"line":13,"column":42}},"loc":{"start":{"line":13,"column":45},"end":{"line":67,"column":1}},"line":13},"1":{"name":"(anonymous_1)","decl":{"start":{"line":21,"column":17},"end":{"line":21,"column":18}},"loc":{"start":{"line":21,"column":24},"end":{"line":21,"column":56}},"line":21},"2":{"name":"(anonymous_2)","decl":{"start":{"line":23,"column":12},"end":{"line":23,"column":13}},"loc":{"start":{"line":23,"column":18},"end":{"line":37,"column":3}},"line":23},"3":{"name":"(anonymous_3)","decl":{"start":{"line":29,"column":6},"end":{"line":29,"column":7}},"loc":{"start":{"line":30,"column":8},"end":{"line":35,"column":10}},"line":30},"4":{"name":"bookInterview","decl":{"start":{"line":41,"column":11},"end":{"line":41,"column":24}},"loc":{"start":{"line":41,"column":40},"end":{"line":49,"column":3}},"line":41},"5":{"name":"(anonymous_5)","decl":{"start":{"line":42,"column":68},"end":{"line":42,"column":69}},"loc":{"start":{"line":42,"column":74},"end":{"line":48,"column":5}},"line":42},"6":{"name":"cancelInterview","decl":{"start":{"line":51,"column":11},"end":{"line":51,"column":26}},"loc":{"start":{"line":51,"column":31},"end":{"line":59,"column":3}},"line":51},"7":{"name":"(anonymous_7)","decl":{"start":{"line":52,"column":56},"end":{"line":52,"column":57}},"loc":{"start":{"line":52,"column":62},"end":{"line":58,"column":5}},"line":52}},"branchMap":{},"s":{"0":16,"1":16,"2":1,"3":16,"4":6,"5":6,"6":16,"7":3,"8":2,"9":2,"10":1,"11":16},"f":{"0":16,"1":1,"2":6,"3":6,"4":3,"5":2,"6":2,"7":1},"b":{},"_coverageSchema":"43e27e138ebf9cfc5966b082cf9a028302ed4184","hash":"a9ac5c9c284abc2154ddbe9328140a33af01b173"}
,"/home/olawale/Desktop/LHL/lighthouse/React/scheduler/src/hooks/useRealtimeUpdate.js": {"path":"/home/olawale/Desktop/LHL/lighthouse/React/scheduler/src/hooks/useRealtimeUpdate.js","statementMap":{"0":{"start":{"line":5,"column":2},"end":{"line":19,"column":17}},"1":{"start":{"line":6,"column":19},"end":{"line":6,"column":69}},"2":{"start":{"line":8,"column":4},"end":{"line":14,"column":6}},"3":{"start":{"line":9,"column":19},"end":{"line":9,"column":41}},"4":{"start":{"line":11,"column":6},"end":{"line":13,"column":7}},"5":{"start":{"line":12,"column":8},"end":{"line":12,"column":23}},"6":{"start":{"line":16,"column":4},"end":{"line":18,"column":6}},"7":{"start":{"line":17,"column":6},"end":{"line":17,"column":21}}},"fnMap":{"0":{"name":"useRealtimeUpdate","decl":{"start":{"line":4,"column":24},"end":{"line":4,"column":41}},"loc":{"start":{"line":4,"column":52},"end":{"line":20,"column":1}},"line":4},"1":{"name":"(anonymous_1)","decl":{"start":{"line":5,"column":12},"end":{"line":5,"column":13}},"loc":{"start":{"line":5,"column":18},"end":{"line":19,"column":3}},"line":5},"2":{"name":"(anonymous_2)","decl":{"start":{"line":8,"column":23},"end":{"line":8,"column":24}},"loc":{"start":{"line":8,"column":32},"end":{"line":14,"column":5}},"line":8},"3":{"name":"(anonymous_3)","decl":{"start":{"line":16,"column":11},"end":{"line":16,"column":12}},"loc":{"start":{"line":16,"column":17},"end":{"line":18,"column":5}},"line":16}},"branchMap":{"0":{"loc":{"start":{"line":11,"column":6},"end":{"line":13,"column":7}},"type":"if","locations":[{"start":{"line":11,"column":6},"end":{"line":13,"column":7}},{"start":{"line":11,"column":6},"end":{"line":13,"column":7}}],"line":11},"1":{"loc":{"start":{"line":11,"column":10},"end":{"line":11,"column":65}},"type":"binary-expr","locations":[{"start":{"line":11,"column":10},"end":{"line":11,"column":34}},{"start":{"line":11,"column":38},"end":{"line":11,"column":65}}],"line":11}},"s":{"0":16,"1":6,"2":6,"3":0,"4":0,"5":0,"6":6,"7":6},"f":{"0":16,"1":6,"2":0,"3":6},"b":{"0":[0,0],"1":[0,0]},"_coverageSchema":"43e27e138ebf9cfc5966b082cf9a028302ed4184","hash":"04d5d7e70deda12a6b07b8d436f77bec3d928e3c"}
,"/home/olawale/Desktop/LHL/lighthouse/React/scheduler/src/hooks/useVisualMode.js": {"path":"/home/olawale/Desktop/LHL/lighthouse/React/scheduler/src/hooks/useVisualMode.js","statementMap":{"0":{"start":{"line":4,"column":22},"end":{"line":24,"column":1}},"1":{"start":{"line":5,"column":32},"end":{"line":5,"column":51}},"2":{"start":{"line":7,"column":21},"end":{"line":12,"column":3}},"3":{"start":{"line":8,"column":4},"end":{"line":10,"column":5}},"4":{"start":{"line":9,"column":6},"end":{"line":9,"column":78}},"5":{"start":{"line":9,"column":32},"end":{"line":9,"column":76}},"6":{"start":{"line":11,"column":4},"end":{"line":11,"column":43}},"7":{"start":{"line":11,"column":23},"end":{"line":11,"column":41}},"8":{"start":{"line":14,"column":15},"end":{"line":21,"column":3}},"9":{"start":{"line":15,"column":4},"end":{"line":20,"column":7}},"10":{"start":{"line":16,"column":6},"end":{"line":18,"column":7}},"11":{"start":{"line":17,"column":8},"end":{"line":17,"column":50}},"12":{"start":{"line":19,"column":6},"end":{"line":19,"column":23}},"13":{"start":{"line":23,"column":2},"end":{"line":23,"column":65}}},"fnMap":{"0":{"name":"(anonymous_0)","decl":{"start":{"line":4,"column":22},"end":{"line":4,"column":23}},"loc":{"start":{"line":4,"column":35},"end":{"line":24,"column":1}},"line":4},"1":{"name":"(anonymous_1)","decl":{"start":{"line":7,"column":21},"end":{"line":7,"column":22}},"loc":{"start":{"line":7,"column":55},"end":{"line":12,"column":3}},"line":7},"2":{"name":"(anonymous_2)","decl":{"start":{"line":9,"column":24},"end":{"line":9,"column":25}},"loc":{"start":{"line":9,"column":32},"end":{"line":9,"column":76}},"line":9},"3":{"name":"(anonymous_3)","decl":{"start":{"line":11,"column":15},"end":{"line":11,"column":16}},"loc":{"start":{"line":11,"column":23},"end":{"line":11,"column":41}},"line":11},"4":{"name":"(anonymous_4)","decl":{"start":{"line":14,"column":15},"end":{"line":14,"column":16}},"loc":{"start":{"line":14,"column":21},"end":{"line":21,"column":3}},"line":14},"5":{"name":"(anonymous_5)","decl":{"start":{"line":15,"column":15},"end":{"line":15,"column":16}},"loc":{"start":{"line":15,"column":23},"end":{"line":20,"column":5}},"line":15}},"branchMap":{"0":{"loc":{"start":{"line":7,"column":31},"end":{"line":7,"column":50}},"type":"default-arg","locations":[{"start":{"line":7,"column":45},"end":{"line":7,"column":50}}],"line":7},"1":{"loc":{"start":{"line":8,"column":4},"end":{"line":10,"column":5}},"type":"if","locations":[{"start":{"line":8,"column":4},"end":{"line":10,"column":5}},{"start":{"line":8,"column":4},"end":{"line":10,"column":5}}],"line":8},"2":{"loc":{"start":{"line":16,"column":6},"end":{"line":18,"column":7}},"type":"if","locations":[{"start":{"line":16,"column":6},"end":{"line":18,"column":7}},{"start":{"line":16,"column":6},"end":{"line":18,"column":7}}],"line":16}},"s":{"0":3,"1":66,"2":66,"3":20,"4":5,"5":5,"6":15,"7":15,"8":66,"9":4,"10":4,"11":3,"12":1,"13":66},"f":{"0":66,"1":20,"2":5,"3":15,"4":4,"5":4},"b":{"0":[15],"1":[5,15],"2":[3,1]},"_coverageSchema":"43e27e138ebf9cfc5966b082cf9a028302ed4184","hash":"ee17eb0bff7356b50efef295cf8679c89f0148ab"}
,"/home/olawale/Desktop/LHL/lighthouse/React/scheduler/src/reducers/application.js": {"path":"/home/olawale/Desktop/LHL/lighthouse/React/scheduler/src/reducers/application.js","statementMap":{"0":{"start":{"line":1,"column":23},"end":{"line":1,"column":32}},"1":{"start":{"line":2,"column":36},"end":{"line":2,"column":58}},"2":{"start":{"line":3,"column":29},"end":{"line":3,"column":44}},"3":{"start":{"line":6,"column":2},"end":{"line":53,"column":3}},"4":{"start":{"line":8,"column":6},"end":{"line":8,"column":43}},"5":{"start":{"line":10,"column":6},"end":{"line":15,"column":8}},"6":{"start":{"line":17,"column":26},"end":{"line":20,"column":7}},"7":{"start":{"line":22,"column":27},"end":{"line":25,"column":7}},"8":{"start":{"line":27,"column":29},"end":{"line":32,"column":9}},"9":{"start":{"line":28,"column":8},"end":{"line":32,"column":9}},"10":{"start":{"line":30,"column":26},"end":{"line":30,"column":72}},"11":{"start":{"line":34,"column":19},"end":{"line":41,"column":8}},"12":{"start":{"line":35,"column":8},"end":{"line":40,"column":16}},"13":{"start":{"line":43,"column":6},"end":{"line":47,"column":8}},"14":{"start":{"line":50,"column":6},"end":{"line":52,"column":8}}},"fnMap":{"0":{"name":"reducer","decl":{"start":{"line":5,"column":24},"end":{"line":5,"column":31}},"loc":{"start":{"line":5,"column":47},"end":{"line":54,"column":1}},"line":5},"1":{"name":"(anonymous_1)","decl":{"start":{"line":27,"column":29},"end":{"line":27,"column":30}},"loc":{"start":{"line":28,"column":8},"end":{"line":32,"column":9}},"line":28},"2":{"name":"(anonymous_2)","decl":{"start":{"line":30,"column":10},"end":{"line":30,"column":11}},"loc":{"start":{"line":30,"column":26},"end":{"line":30,"column":72}},"line":30},"3":{"name":"(anonymous_3)","decl":{"start":{"line":34,"column":34},"end":{"line":34,"column":35}},"loc":{"start":{"line":34,"column":41},"end":{"line":41,"column":7}},"line":34}},"branchMap":{"0":{"loc":{"start":{"line":6,"column":2},"end":{"line":53,"column":3}},"type":"switch","locations":[{"start":{"line":7,"column":4},"end":{"line":8,"column":43}},{"start":{"line":9,"column":4},"end":{"line":15,"column":8}},{"start":{"line":16,"column":4},"end":{"line":48,"column":5}},{"start":{"line":49,"column":4},"end":{"line":52,"column":8}}],"line":6},"1":{"loc":{"start":{"line":19,"column":19},"end":{"line":19,"column":62}},"type":"binary-expr","locations":[{"start":{"line":19,"column":19},"end":{"line":19,"column":35}},{"start":{"line":19,"column":39},"end":{"line":19,"column":62}}],"line":19},"2":{"loc":{"start":{"line":30,"column":26},"end":{"line":30,"column":72}},"type":"cond-expr","locations":[{"start":{"line":30,"column":55},"end":{"line":30,"column":64}},{"start":{"line":30,"column":67},"end":{"line":30,"column":72}}],"line":30},"3":{"loc":{"start":{"line":35,"column":15},"end":{"line":40,"column":15}},"type":"cond-expr","locations":[{"start":{"line":36,"column":12},"end":{"line":39,"column":13}},{"start":{"line":40,"column":12},"end":{"line":40,"column":15}}],"line":35}},"s":{"0":2,"1":2,"2":2,"3":11,"4":1,"5":6,"6":3,"7":3,"8":3,"9":3,"10":6,"11":3,"12":6,"13":3,"14":1},"f":{"0":11,"1":3,"2":6,"3":6},"b":{"0":[1,6,3,1],"1":[3,2],"2":[3,3],"3":[3,3]},"_coverageSchema":"43e27e138ebf9cfc5966b082cf9a028302ed4184","hash":"68e0c2cac5126c5e246f93c92de6a33c0339b544"}
}
